# JRE version: Java(TM) SE Runtime Environment (8.0_202-b08) (build 1.8.0_202-b08)
# Java VM: Java HotSpot(TM) 64-Bit Server VM (25.202-b08 mixed mode windows-amd64 compressed oops)
Heap:
 PSYoungGen      total 2144256K, used 325023K [0x0000000717000000, 0x00000007c0000000, 0x00000007c0000000)
  eden space 1986560K, 16% used [0x0000000717000000,0x000000072ad67d80,0x0000000790400000)
  from space 157696K, 0% used [0x0000000790400000,0x0000000790400000,0x0000000799e00000)
  to   space 276992K, 0% used [0x00000007af180000,0x00000007af180000,0x00000007c0000000)
 ParOldGen       total 5537792K, used 5519573K [0x00000005c5000000, 0x0000000717000000, 0x0000000717000000)
  object space 5537792K, 99% used [0x00000005c5000000,0x0000000715e35478,0x0000000717000000)
 Metaspace       used 67444K, capacity 69253K, committed 69504K, reserved 1110016K
  class space    used 8056K, capacity 8236K, committed 8320K, reserved 1048576K
GC Heap History (10 events):
Event: 17.668 GC heap before
{Heap before GC invocations=22 (full 6):
 PSYoungGen      total 2144256K, used 2144256K [0x0000000717000000, 0x00000007c0000000, 0x00000007c0000000)
  eden space 1986560K, 100% used [0x0000000717000000,0x0000000790400000,0x0000000790400000)
  from space 157696K, 100% used [0x0000000790400000,0x0000000799e00000,0x0000000799e00000)
  to   space 276992K, 100% used [0x00000007af180000,0x00000007c0000000,0x00000007c0000000)
 ParOldGen       total 2297856K, used 2297385K [0x00000005c5000000, 0x0000000651400000, 0x0000000717000000)
  object space 2297856K, 99% used [0x00000005c5000000,0x000000065138a770,0x0000000651400000)
 Metaspace       used 67302K, capacity 69079K, committed 69248K, reserved 1110016K
  class space    used 8031K, capacity 8203K, committed 8320K, reserved 1048576K
Event: 19.584 GC heap after
Heap after GC invocations=22 (full 6):
 PSYoungGen      total 2144256K, used 0K [0x0000000717000000, 0x00000007c0000000, 0x00000007c0000000)
  eden space 1986560K, 0% used [0x0000000717000000,0x0000000717000000,0x0000000790400000)
  from space 157696K, 0% used [0x0000000790400000,0x0000000790400000,0x0000000799e00000)
  to   space 276992K, 98% used [0x00000007af180000,0x00000007bfd48778,0x00000007c0000000)
 ParOldGen       total 3116032K, used 2297663K [0x00000005c5000000, 0x0000000683300000, 0x0000000717000000)
  object space 3116032K, 73% used [0x00000005c5000000,0x00000006513cfe08,0x0000000683300000)
 Metaspace       used 67302K, capacity 69079K, committed 69248K, reserved 1110016K
  class space    used 8031K, capacity 8203K, committed 8320K, reserved 1048576K
}
Event: 20.979 GC heap before
{Heap before GC invocations=23 (full 7):
 PSYoungGen      total 2144256K, used 1986560K [0x0000000717000000, 0x00000007c0000000, 0x00000007c0000000)
  eden space 1986560K, 100% used [0x0000000717000000,0x0000000790400000,0x0000000790400000)
  from space 157696K, 0% used [0x0000000790400000,0x0000000790400000,0x0000000799e00000)
  to   space 276992K, 98% used [0x00000007af180000,0x00000007bfd48778,0x00000007c0000000)
 ParOldGen       total 3116032K, used 2297663K [0x00000005c5000000, 0x0000000683300000, 0x0000000717000000)
  object space 3116032K, 73% used [0x00000005c5000000,0x00000006513cfe08,0x0000000683300000)
 Metaspace       used 67307K, capacity 69087K, committed 69248K, reserved 1110016K
  class space    used 8031K, capacity 8203K, committed 8320K, reserved 1048576K
Event: 23.542 GC heap after
Heap after GC invocations=23 (full 7):
 PSYoungGen      total 2144256K, used 1016372K [0x0000000717000000, 0x00000007c0000000, 0x00000007c0000000)
  eden space 1986560K, 51% used [0x0000000717000000,0x000000075508d140,0x0000000790400000)
  from space 157696K, 0% used [0x0000000790400000,0x0000000790400000,0x0000000799e00000)
  to   space 276992K, 0% used [0x00000007af180000,0x00000007af180000,0x00000007c0000000)
 ParOldGen       total 4047872K, used 3115665K [0x00000005c5000000, 0x00000006bc100000, 0x0000000717000000)
  object space 4047872K, 76% used [0x00000005c5000000,0x00000006832a4710,0x00000006bc100000)
 Metaspace       used 67307K, capacity 69087K, committed 69248K, reserved 1110016K
  class space    used 8031K, capacity 8203K, committed 8320K, reserved 1048576K
}
Event: 24.266 GC heap before
{Heap before GC invocations=24 (full 7):
 PSYoungGen      total 2144256K, used 1986560K [0x0000000717000000, 0x00000007c0000000, 0x00000007c0000000)
  eden space 1986560K, 100% used [0x0000000717000000,0x0000000790400000,0x0000000790400000)
  from space 157696K, 0% used [0x0000000790400000,0x0000000790400000,0x0000000799e00000)
  to   space 276992K, 0% used [0x00000007af180000,0x00000007af180000,0x00000007c0000000)
 ParOldGen       total 4047872K, used 3115665K [0x00000005c5000000, 0x00000006bc100000, 0x0000000717000000)
  object space 4047872K, 76% used [0x00000005c5000000,0x00000006832a4710,0x00000006bc100000)
 Metaspace       used 67307K, capacity 69087K, committed 69248K, reserved 1110016K
  class space    used 8031K, capacity 8203K, committed 8320K, reserved 1048576K
Event: 25.625 GC heap after
Heap after GC invocations=24 (full 7):
 PSYoungGen      total 2144256K, used 1986560K [0x0000000717000000, 0x00000007c0000000, 0x00000007c0000000)
  eden space 1986560K, 100% used [0x0000000717000000,0x0000000790400000,0x0000000790400000)
  from space 157696K, 0% used [0x0000000790400000,0x0000000790400000,0x0000000799e00000)
  to   space 276992K, 100% used [0x00000007af180000,0x00000007c0000000,0x00000007c0000000)
 ParOldGen       total 4624896K, used 4622593K [0x00000005c5000000, 0x00000006df480000, 0x0000000717000000)
  object space 4624896K, 99% used [0x00000005c5000000,0x00000006df240710,0x00000006df480000)
 Metaspace       used 67307K, capacity 69087K, committed 69248K, reserved 1110016K
  class space    used 8031K, capacity 8203K, committed 8320K, reserved 1048576K
}
Event: 25.625 GC heap before
{Heap before GC invocations=25 (full 8):
 PSYoungGen      total 2144256K, used 1986560K [0x0000000717000000, 0x00000007c0000000, 0x00000007c0000000)
  eden space 1986560K, 100% used [0x0000000717000000,0x0000000790400000,0x0000000790400000)
  from space 157696K, 0% used [0x0000000790400000,0x0000000790400000,0x0000000799e00000)
  to   space 276992K, 100% used [0x00000007af180000,0x00000007c0000000,0x00000007c0000000)
 ParOldGen       total 4624896K, used 4622593K [0x00000005c5000000, 0x00000006df480000, 0x0000000717000000)
  object space 4624896K, 99% used [0x00000005c5000000,0x00000006df240710,0x00000006df480000)
 Metaspace       used 67307K, capacity 69087K, committed 69248K, reserved 1110016K
  class space    used 8031K, capacity 8203K, committed 8320K, reserved 1048576K
Event: 28.651 GC heap after
Heap after GC invocations=25 (full 8):
 PSYoungGen      total 2144256K, used 0K [0x0000000717000000, 0x00000007c0000000, 0x00000007c0000000)
  eden space 1986560K, 0% used [0x0000000717000000,0x0000000717000000,0x0000000790400000)
  from space 157696K, 0% used [0x0000000790400000,0x0000000790400000,0x0000000799e00000)
  to   space 276992K, 97% used [0x00000007af180000,0x00000007bf8497b8,0x00000007c0000000)
 ParOldGen       total 5537792K, used 4624796K [0x00000005c5000000, 0x0000000717000000, 0x0000000717000000)
  object space 5537792K, 83% used [0x00000005c5000000,0x00000006df467088,0x0000000717000000)
 Metaspace       used 67307K, capacity 69087K, committed 69248K, reserved 1110016K
  class space    used 8031K, capacity 8203K, committed 8320K, reserved 1048576K
}
Event: 56.908 GC heap before
{Heap before GC invocations=26 (full 9):
 PSYoungGen      total 2144256K, used 1986560K [0x0000000717000000, 0x00000007c0000000, 0x00000007c0000000)
  eden space 1986560K, 100% used [0x0000000717000000,0x0000000790400000,0x0000000790400000)
  from space 157696K, 0% used [0x0000000790400000,0x0000000790400000,0x0000000799e00000)
  to   space 276992K, 97% used [0x00000007af180000,0x00000007bf8497b8,0x00000007c0000000)
 ParOldGen       total 5537792K, used 4624796K [0x00000005c5000000, 0x0000000717000000, 0x0000000717000000)
  object space 5537792K, 83% used [0x00000005c5000000,0x00000006df467088,0x0000000717000000)
 Metaspace       used 67440K, capacity 69253K, committed 69504K, reserved 1110016K
  class space    used 8056K, capacity 8236K, committed 8320K, reserved 1048576K
Event: 62.352 GC heap after
Heap after GC invocations=26 (full 9):
 PSYoungGen      total 2144256K, used 0K [0x0000000717000000, 0x00000007c0000000, 0x00000007c0000000)
  eden space 1986560K, 0% used [0x0000000717000000,0x0000000717000000,0x0000000790400000)
  from space 157696K, 0% used [0x0000000790400000,0x0000000790400000,0x0000000799e00000)
  to   space 276992K, 0% used [0x00000007af180000,0x00000007af180000,0x00000007c0000000)
 ParOldGen       total 5537792K, used 5519573K [0x00000005c5000000, 0x0000000717000000, 0x0000000717000000)
  object space 5537792K, 99% used [0x00000005c5000000,0x0000000715e35478,0x0000000717000000)
 Metaspace       used 67440K, capacity 69253K, committed 69504K, reserved 1110016K
  class space    used 8056K, capacity 8236K, committed 8320K, reserved 1048576K
}

